0 info it worked if it ends with ok
1 verbose cli [ '/usr/local/Cellar/node/4.1.2/bin/node',
1 verbose cli   '/usr/local/bin/npm',
1 verbose cli   'run',
1 verbose cli   'dev-server' ]
2 info using npm@2.14.6
3 info using node@v4.1.2
4 verbose run-script [ 'predev-server', 'dev-server', 'postdev-server' ]
5 info predev-server web-demos@0.0.1
6 info dev-server web-demos@0.0.1
7 verbose unsafe-perm in lifecycle true
8 info web-demos@0.0.1 Failed to exec dev-server script
9 verbose stack Error: web-demos@0.0.1 dev-server: `webpack-dev-server --config webpack-dev-server.config.js --progress --colors --port 2992 --inline`
9 verbose stack Exit status 1
9 verbose stack     at EventEmitter.<anonymous> (/usr/local/lib/node_modules/npm/lib/utils/lifecycle.js:214:16)
9 verbose stack     at emitTwo (events.js:87:13)
9 verbose stack     at EventEmitter.emit (events.js:172:7)
9 verbose stack     at ChildProcess.<anonymous> (/usr/local/lib/node_modules/npm/lib/utils/spawn.js:24:14)
9 verbose stack     at emitTwo (events.js:87:13)
9 verbose stack     at ChildProcess.emit (events.js:172:7)
9 verbose stack     at maybeClose (internal/child_process.js:818:16)
9 verbose stack     at Process.ChildProcess._handle.onexit (internal/child_process.js:211:5)
10 verbose pkgid web-demos@0.0.1
11 verbose cwd /Users/danielma/Code/danielma/web-demos
12 error Darwin 15.0.0
13 error argv "/usr/local/Cellar/node/4.1.2/bin/node" "/usr/local/bin/npm" "run" "dev-server"
14 error node v4.1.2
15 error npm  v2.14.6
16 error code ELIFECYCLE
17 error web-demos@0.0.1 dev-server: `webpack-dev-server --config webpack-dev-server.config.js --progress --colors --port 2992 --inline`
17 error Exit status 1
18 error Failed at the web-demos@0.0.1 dev-server script 'webpack-dev-server --config webpack-dev-server.config.js --progress --colors --port 2992 --inline'.
18 error This is most likely a problem with the web-demos package,
18 error not with npm itself.
18 error Tell the author that this fails on your system:
18 error     webpack-dev-server --config webpack-dev-server.config.js --progress --colors --port 2992 --inline
18 error You can get their info via:
18 error     npm owner ls web-demos
18 error There is likely additional logging output above.
19 verbose exit [ 1, true ]
